Using pre-set license
Built from '2020.3/staging' branch; Version is '2020.3.18f1 (a7d1c678663c) revision 10998214'; Using compiler version '192528614'; Build Type 'Release'
OS: 'Windows 10 Pro; OS build 19044.1526; Version 2009; 64bit' Language: 'en' Physical Memory: 16324 MB
BatchMode: 1, IsHumanControllingUs: 0, StartBugReporterOnCrash: 0, Is64bit: 1, IsPro: 0

COMMAND LINE ARGUMENTS:
D:\unity\Editor\Unity.exe
-adb2
-batchMode
-noUpm
-name
AssetImportWorker0
-projectPath
<<<<<<< HEAD
C:/Users/yangt/OneDrive/Desktop/Mageman-LeoChen/crazyB
-logFile
Logs/AssetImportWorker0.log
-srvPort
56077
Successfully changed project path to: C:/Users/yangt/OneDrive/Desktop/Mageman-LeoChen/crazyB
C:/Users/yangt/OneDrive/Desktop/Mageman-LeoChen/crazyB
Using Asset Import Pipeline V2.
Refreshing native plugins compatible for Editor in 39.76 ms, found 3 plugins.
Preloading 0 native plugins for Editor in 0.00 ms.
Initialize engine version: 2020.3.26f1 (7298b473bc1a)
[Subsystems] Discovering subsystems at path E:/editor/2020.3.26f1/Editor/Data/Resources/UnitySubsystems
[Subsystems] Discovering subsystems at path C:/Users/yangt/OneDrive/Desktop/Mageman-LeoChen/crazyB/Assets
=======
D:/Developer/Mageman/crazyB
-logFile
Logs/AssetImportWorker0.log
-srvPort
9788
Successfully changed project path to: D:/Developer/Mageman/crazyB
D:/Developer/Mageman/crazyB
Using Asset Import Pipeline V2.
Refreshing native plugins compatible for Editor in 66.22 ms, found 3 plugins.
Preloading 0 native plugins for Editor in 0.00 ms.
Initialize engine version: 2020.3.18f1 (a7d1c678663c)
[Subsystems] Discovering subsystems at path D:/unity/Editor/Data/Resources/UnitySubsystems
[Subsystems] Discovering subsystems at path D:/Developer/Mageman/crazyB/Assets
>>>>>>> f8ebb3562e2c7953a77642a0e8d46e0f6895fa7e
GfxDevice: creating device client; threaded=0
Direct3D:
    Version:  Direct3D 11.0 [level 11.1]
    Renderer: NVIDIA GeForce GTX 1060 3GB (ID=0x1c02)
    Vendor:   
    VRAM:     2988 MB
    Driver:   30.0.15.1179
Initialize mono
<<<<<<< HEAD
Mono path[0] = 'E:/editor/2020.3.26f1/Editor/Data/Managed'
Mono path[1] = 'E:/editor/2020.3.26f1/Editor/Data/MonoBleedingEdge/lib/mono/unityjit'
Mono config path = 'E:/editor/2020.3.26f1/Editor/Data/MonoBleedingEdge/etc'
Using monoOptions --debugger-agent=transport=dt_socket,embedding=1,server=y,suspend=n,address=127.0.0.1:56272
Begin MonoManager ReloadAssembly
Registering precompiled unity dll's ...
Register platform support module: E:/editor/2020.3.26f1/Editor/Data/PlaybackEngines/WebGLSupport/UnityEditor.WebGL.Extensions.dll
Register platform support module: E:/editor/2020.3.26f1/Editor/Data/PlaybackEngines/WindowsStandaloneSupport/UnityEditor.WindowsStandalone.Extensions.dll
Register platform support module: E:/editor/2020.3.26f1/Editor/Data/PlaybackEngines/LinuxStandaloneSupport/UnityEditor.LinuxStandalone.Extensions.dll
Register platform support module: E:/editor/2020.3.26f1/Editor/Data/PlaybackEngines/LuminSupport/UnityEditor.Lumin.Extensions.dll
Registered in 0.002899 seconds.
Native extension for Lumin target not found
Native extension for LinuxStandalone target not found
Native extension for WindowsStandalone target not found
Native extension for WebGL target not found
Refreshing native plugins compatible for Editor in 35.54 ms, found 3 plugins.
Preloading 0 native plugins for Editor in 0.00 ms.
Mono: successfully reloaded assembly
- Completed reload, in  0.393 seconds
Domain Reload Profiling:
	ReloadAssembly (394ms)
		BeginReloadAssembly (39ms)
=======
Mono path[0] = 'D:/unity/Editor/Data/Managed'
Mono path[1] = 'D:/unity/Editor/Data/MonoBleedingEdge/lib/mono/unityjit'
Mono config path = 'D:/unity/Editor/Data/MonoBleedingEdge/etc'
Using monoOptions --debugger-agent=transport=dt_socket,embedding=1,server=y,suspend=n,address=127.0.0.1:56608
Begin MonoManager ReloadAssembly
Registering precompiled unity dll's ...
Register platform support module: D:/unity/Editor/Data/PlaybackEngines/WebGLSupport/UnityEditor.WebGL.Extensions.dll
Register platform support module: D:/unity/Editor/Data/PlaybackEngines/WindowsStandaloneSupport/UnityEditor.WindowsStandalone.Extensions.dll
Registered in 0.002961 seconds.
Native extension for WindowsStandalone target not found
Native extension for WebGL target not found
Refreshing native plugins compatible for Editor in 61.12 ms, found 3 plugins.
Preloading 0 native plugins for Editor in 0.00 ms.
Mono: successfully reloaded assembly
- Completed reload, in  2.094 seconds
Domain Reload Profiling:
	ReloadAssembly (2095ms)
		BeginReloadAssembly (109ms)
>>>>>>> f8ebb3562e2c7953a77642a0e8d46e0f6895fa7e
			ExecutionOrderSort (0ms)
			DisableScriptedObjects (0ms)
			BackupInstance (0ms)
			ReleaseScriptingObjects (0ms)
			CreateAndSetChildDomain (1ms)
<<<<<<< HEAD
		EndReloadAssembly (304ms)
			LoadAssemblies (38ms)
			RebuildTransferFunctionScriptingTraits (0ms)
			SetupTypeCache (89ms)
			ReleaseScriptCaches (0ms)
			RebuildScriptCaches (18ms)
			SetupLoadedEditorAssemblies (123ms)
=======
		EndReloadAssembly (551ms)
			LoadAssemblies (110ms)
			RebuildTransferFunctionScriptingTraits (0ms)
			SetupTypeCache (204ms)
			ReleaseScriptCaches (0ms)
			RebuildScriptCaches (37ms)
			SetupLoadedEditorAssemblies (217ms)
>>>>>>> f8ebb3562e2c7953a77642a0e8d46e0f6895fa7e
				LogAssemblyErrors (0ms)
				InitializePlatformSupportModulesInManaged (6ms)
				SetLoadedEditorAssemblies (0ms)
<<<<<<< HEAD
				RefreshPlugins (36ms)
				BeforeProcessingInitializeOnLoad (7ms)
				ProcessInitializeOnLoadAttributes (56ms)
				ProcessInitializeOnLoadMethodAttributes (19ms)
=======
				RefreshPlugins (61ms)
				BeforeProcessingInitializeOnLoad (20ms)
				ProcessInitializeOnLoadAttributes (96ms)
				ProcessInitializeOnLoadMethodAttributes (34ms)
>>>>>>> f8ebb3562e2c7953a77642a0e8d46e0f6895fa7e
				AfterProcessingInitializeOnLoad (0ms)
				EditorAssembliesLoaded (0ms)
			ExecutionOrderSort2 (0ms)
			AwakeInstancesAfterBackupRestoration (0ms)
Platform modules already initialized, skipping
Registering precompiled user dll's ...
<<<<<<< HEAD
Registered in 0.007413 seconds.
=======
Registered in 0.010660 seconds.
>>>>>>> f8ebb3562e2c7953a77642a0e8d46e0f6895fa7e
Begin MonoManager ReloadAssembly
Native extension for WindowsStandalone target not found
Native extension for WebGL target not found
<<<<<<< HEAD
Refreshing native plugins compatible for Editor in 34.52 ms, found 3 plugins.
Preloading 0 native plugins for Editor in 0.00 ms.
Mono: successfully reloaded assembly
- Completed reload, in  0.808 seconds
Domain Reload Profiling:
	ReloadAssembly (809ms)
		BeginReloadAssembly (110ms)
=======
Refreshing native plugins compatible for Editor in 59.58 ms, found 3 plugins.
Preloading 0 native plugins for Editor in 0.00 ms.
Mono: successfully reloaded assembly
- Completed reload, in  1.571 seconds
Domain Reload Profiling:
	ReloadAssembly (1573ms)
		BeginReloadAssembly (228ms)
>>>>>>> f8ebb3562e2c7953a77642a0e8d46e0f6895fa7e
			ExecutionOrderSort (0ms)
			DisableScriptedObjects (5ms)
			BackupInstance (0ms)
			ReleaseScriptingObjects (0ms)
<<<<<<< HEAD
			CreateAndSetChildDomain (17ms)
		EndReloadAssembly (640ms)
			LoadAssemblies (80ms)
			RebuildTransferFunctionScriptingTraits (0ms)
			SetupTypeCache (188ms)
			ReleaseScriptCaches (0ms)
			RebuildScriptCaches (33ms)
			SetupLoadedEditorAssemblies (264ms)
=======
			CreateAndSetChildDomain (24ms)
		EndReloadAssembly (1266ms)
			LoadAssemblies (186ms)
			RebuildTransferFunctionScriptingTraits (0ms)
			SetupTypeCache (424ms)
			ReleaseScriptCaches (1ms)
			RebuildScriptCaches (67ms)
			SetupLoadedEditorAssemblies (461ms)
>>>>>>> f8ebb3562e2c7953a77642a0e8d46e0f6895fa7e
				LogAssemblyErrors (0ms)
				InitializePlatformSupportModulesInManaged (5ms)
				SetLoadedEditorAssemblies (0ms)
<<<<<<< HEAD
				RefreshPlugins (35ms)
				BeforeProcessingInitializeOnLoad (74ms)
				ProcessInitializeOnLoadAttributes (135ms)
				ProcessInitializeOnLoadMethodAttributes (11ms)
				AfterProcessingInitializeOnLoad (6ms)
				EditorAssembliesLoaded (0ms)
			ExecutionOrderSort2 (0ms)
			AwakeInstancesAfterBackupRestoration (4ms)
Platform modules already initialized, skipping
========================================================================
Worker process is ready to serve import requests
Launched and connected shader compiler UnityShaderCompiler.exe after 0.04 seconds
Refreshing native plugins compatible for Editor in 0.54 ms, found 3 plugins.
Preloading 0 native plugins for Editor in 0.00 ms.
Unloading 2414 Unused Serialized files (Serialized files now loaded: 0)
System memory in use before: 107.1 MB.
System memory in use after: 107.3 MB.

Unloading 29 unused Assets to reduce memory usage. Loaded Objects now: 2847.
Total: 2.603700 ms (FindLiveObjects: 0.205100 ms CreateObjectMapping: 0.203200 ms MarkObjects: 2.143300 ms  DeleteObjects: 0.051500 ms)
=======
				RefreshPlugins (60ms)
				BeforeProcessingInitializeOnLoad (106ms)
				ProcessInitializeOnLoadAttributes (262ms)
				ProcessInitializeOnLoadMethodAttributes (23ms)
				AfterProcessingInitializeOnLoad (4ms)
				EditorAssembliesLoaded (0ms)
			ExecutionOrderSort2 (0ms)
			AwakeInstancesAfterBackupRestoration (8ms)
Platform modules already initialized, skipping
========================================================================
Worker process is ready to serve import requests
Launched and connected shader compiler UnityShaderCompiler.exe after 0.09 seconds
Refreshing native plugins compatible for Editor in 0.71 ms, found 3 plugins.
Preloading 0 native plugins for Editor in 0.00 ms.
Unloading 2460 Unused Serialized files (Serialized files now loaded: 0)
System memory in use before: 106.4 MB.
System memory in use after: 68.0 MB.

Unloading 33 unused Assets to reduce memory usage. Loaded Objects now: 2892.
Total: 5.219900 ms (FindLiveObjects: 0.293700 ms CreateObjectMapping: 0.216400 ms MarkObjects: 4.596100 ms  DeleteObjects: 0.112500 ms)
>>>>>>> f8ebb3562e2c7953a77642a0e8d46e0f6895fa7e

AssetImportParameters requested are different than current active one (requested -> active):
  custom:framework-win-MediaFoundation: 216162199b28c13a410421893ffa2e32 -> 
  custom:video-decoder-ogg-theora: a1e56fd34408186e4bbccfd4996cb3dc -> 
  custom:container-muxer-webm: aa71ff27fc2769a1b78a27578f13a17b -> 
  custom:container-demuxer-webm: 4f35f7cbe854078d1ac9338744f61a02 -> 
  custom:container-demuxer-ogg: 62fdf1f143b41e24485cea50d1cbac27 -> 
  custom:video-encoder-webm-vp8: eb34c28f22e8b96e1ab97ce403110664 -> 
  custom:video-codec-MediaFoundation-h265: 746d11721c4dcdbdad8f713fa42b33f4 -> 
  custom:video-decoder-webm-vp8: 9c59270c3fd7afecdb556c50c9e8de78 -> 
  custom:audio-decoder-ogg-vorbis: bf7c407c2cedff20999df2af8eb42d56 -> 
  custom:audio-encoder-webm-vorbis: bf7c407c2cedff20999df2af8eb42d56 -> 
========================================================================
Received Import Request.
<<<<<<< HEAD
  path: Assets/Scenes/SampleScene.unity
  artifactKey: Guid(2cda990e2423bbf4892e6590ba056729) Importer(815301076,1909f56bfc062723c751e8b465ee728b)
Start importing Assets/Scenes/SampleScene.unity using Guid(2cda990e2423bbf4892e6590ba056729) Importer(815301076,1909f56bfc062723c751e8b465ee728b)  -> (artifact id: '816836fb20b5747d45c525e6e8070858') in 0.012880 seconds 
  Import took 0.016009 seconds .

========================================================================
Received Import Request.
  Time since last request: 973.734799 seconds.
  path: Assets/Resource/EnvironmentTiles.png
  artifactKey: Guid(9bfd851cb300ef742bad76edd7c60278) Importer(815301076,1909f56bfc062723c751e8b465ee728b)
Start importing Assets/Resource/EnvironmentTiles.png using Guid(9bfd851cb300ef742bad76edd7c60278) Importer(815301076,1909f56bfc062723c751e8b465ee728b)  -> (artifact id: '9d3de1a0b22bc46461858b3a40b4e3f2') in 0.127145 seconds 
  Import took 0.130396 seconds .

========================================================================
Received Import Request.
  Time since last request: 0.000209 seconds.
  path: Assets/Resource/ZeroGrav.mat
  artifactKey: Guid(302f22dd119e26e419225776b9e957e7) Importer(815301076,1909f56bfc062723c751e8b465ee728b)
Start importing Assets/Resource/ZeroGrav.mat using Guid(302f22dd119e26e419225776b9e957e7) Importer(815301076,1909f56bfc062723c751e8b465ee728b)  -> (artifact id: 'abc8cda2d0e314ea34cf5d0e70ca9927') in 0.092347 seconds 
  Import took 0.095312 seconds .

========================================================================
Received Import Request.
  Time since last request: 0.000208 seconds.
  path: Assets/Resource/Tile Set_25.asset
  artifactKey: Guid(ecf9724c92c8ee94f962a72d6b1f208a) Importer(815301076,1909f56bfc062723c751e8b465ee728b)
Start importing Assets/Resource/Tile Set_25.asset using Guid(ecf9724c92c8ee94f962a72d6b1f208a) Importer(815301076,1909f56bfc062723c751e8b465ee728b)  -> (artifact id: '40892a747670707854484c2c38b58dc2') in 0.016780 seconds 
  Import took 0.019619 seconds .

========================================================================
Received Import Request.
  Time since last request: 0.000198 seconds.
  path: Assets/Resource/Tile Set.png
  artifactKey: Guid(e3f4e1a1ccac3084b8d26486b7d866a4) Importer(815301076,1909f56bfc062723c751e8b465ee728b)
Start importing Assets/Resource/Tile Set.png using Guid(e3f4e1a1ccac3084b8d26486b7d866a4) Importer(815301076,1909f56bfc062723c751e8b465ee728b)  -> (artifact id: 'b27b2e62f698a5a26d3e6a85e585fc89') in 0.047080 seconds 
  Import took 0.049759 seconds .

========================================================================
Received Import Request.
  Time since last request: 0.598657 seconds.
  path: Assets/Prefab/Canvas.prefab
  artifactKey: Guid(e2f1bf4a8f65044b88e584727ccaaaf8) Importer(815301076,1909f56bfc062723c751e8b465ee728b)
Start importing Assets/Prefab/Canvas.prefab using Guid(e2f1bf4a8f65044b88e584727ccaaaf8) Importer(815301076,1909f56bfc062723c751e8b465ee728b)  -> (artifact id: '59cd79e75421bade39a40cd453c2159e') in 0.015740 seconds 
  Import took 0.018747 seconds .

========================================================================
Received Import Request.
  Time since last request: 0.000176 seconds.
  path: Assets/Prefab/Negative.prefab
  artifactKey: Guid(7b96faa21105a4461be46d9d74784f5d) Importer(815301076,1909f56bfc062723c751e8b465ee728b)
Start importing Assets/Prefab/Negative.prefab using Guid(7b96faa21105a4461be46d9d74784f5d) Importer(815301076,1909f56bfc062723c751e8b465ee728b)  -> (artifact id: '0ec1f1ae6c29274db8a892bd818d13c5') in 0.015967 seconds 
  Import took 0.018606 seconds .

========================================================================
Received Import Request.
  Time since last request: 0.000178 seconds.
  path: Assets/Prefab/Rock.prefab
  artifactKey: Guid(90ac97e14d84741eeb3722e8327fb0bf) Importer(815301076,1909f56bfc062723c751e8b465ee728b)
Start importing Assets/Prefab/Rock.prefab using Guid(90ac97e14d84741eeb3722e8327fb0bf) Importer(815301076,1909f56bfc062723c751e8b465ee728b)  -> (artifact id: '58682665407be6fc020732cfd5d5a1ec') in 0.013341 seconds 
  Import took 0.015869 seconds .

========================================================================
Received Import Request.
  Time since last request: 0.000163 seconds.
  path: Assets/Prefab/Game Master.prefab
  artifactKey: Guid(005cb244dc04b4e6b8916f302a74d63f) Importer(815301076,1909f56bfc062723c751e8b465ee728b)
Start importing Assets/Prefab/Game Master.prefab using Guid(005cb244dc04b4e6b8916f302a74d63f) Importer(815301076,1909f56bfc062723c751e8b465ee728b)  -> (artifact id: '01877e82378a1fd63221ede9ea640299') in 0.004494 seconds 
  Import took 0.006730 seconds .

========================================================================
Received Import Request.
  Time since last request: 0.000133 seconds.
  path: Assets/Prefab/Player.prefab
  artifactKey: Guid(277b8ab1742e7544e932d4bace735018) Importer(815301076,1909f56bfc062723c751e8b465ee728b)
Start importing Assets/Prefab/Player.prefab using Guid(277b8ab1742e7544e932d4bace735018) Importer(815301076,1909f56bfc062723c751e8b465ee728b)  -> (artifact id: 'b3028a7d4635ee0d47b779eb143690b4') in 0.011403 seconds 
  Import took 0.013860 seconds .

========================================================================
Received Import Request.
  Time since last request: 0.000164 seconds.
  path: Assets/Prefab/StaticNegative.prefab
  artifactKey: Guid(4c5ee8557d8a56a47b0c5eee9ab8715b) Importer(815301076,1909f56bfc062723c751e8b465ee728b)
Start importing Assets/Prefab/StaticNegative.prefab using Guid(4c5ee8557d8a56a47b0c5eee9ab8715b) Importer(815301076,1909f56bfc062723c751e8b465ee728b)  -> (artifact id: '9d0be3523c227f82915915f16e61c356') in 0.009374 seconds 
  Import took 0.011752 seconds .

========================================================================
Received Import Request.
  Time since last request: 0.000165 seconds.
  path: Assets/Prefab/Checkpoint1.prefab
  artifactKey: Guid(7bd1b6cd0dd124303a4ce1884926e8fd) Importer(815301076,1909f56bfc062723c751e8b465ee728b)
Start importing Assets/Prefab/Checkpoint1.prefab using Guid(7bd1b6cd0dd124303a4ce1884926e8fd) Importer(815301076,1909f56bfc062723c751e8b465ee728b)  -> (artifact id: '9af7d474d3cc30393d36c50e4f1e7d03') in 0.008884 seconds 
  Import took 0.011234 seconds .

========================================================================
Received Import Request.
  Time since last request: 0.000143 seconds.
  path: Assets/Prefab/FinishFlag.prefab
  artifactKey: Guid(1c39da090171c43f1a1246c58318ae97) Importer(815301076,1909f56bfc062723c751e8b465ee728b)
Start importing Assets/Prefab/FinishFlag.prefab using Guid(1c39da090171c43f1a1246c58318ae97) Importer(815301076,1909f56bfc062723c751e8b465ee728b)  -> (artifact id: '85930433749be92bd95ae5eb39678c2b') in 0.007657 seconds 
  Import took 0.009897 seconds .

========================================================================
Received Import Request.
  Time since last request: 0.000135 seconds.
  path: Assets/Prefab/DynamicPositive.prefab
  artifactKey: Guid(5a51de1e88f826a4191c292eefb75fa8) Importer(815301076,1909f56bfc062723c751e8b465ee728b)
Start importing Assets/Prefab/DynamicPositive.prefab using Guid(5a51de1e88f826a4191c292eefb75fa8) Importer(815301076,1909f56bfc062723c751e8b465ee728b)  -> (artifact id: '7ca9b8501621eca63a560922a6fb01f2') in 0.009279 seconds 
  Import took 0.011555 seconds .

========================================================================
Received Import Request.
  Time since last request: 0.000151 seconds.
  path: Assets/Prefab/StaticPositive.prefab
  artifactKey: Guid(832af791e56671a4386d282ea1cee78d) Importer(815301076,1909f56bfc062723c751e8b465ee728b)
Start importing Assets/Prefab/StaticPositive.prefab using Guid(832af791e56671a4386d282ea1cee78d) Importer(815301076,1909f56bfc062723c751e8b465ee728b)  -> (artifact id: 'b63d6c3cbafe2529137fd70c12ce7e21') in 0.007970 seconds 
  Import took 0.010264 seconds .

========================================================================
Received Import Request.
  Time since last request: 0.000152 seconds.
  path: Assets/Prefab/Positive.prefab
  artifactKey: Guid(785601fbfbabf408cb912b22087cb5b2) Importer(815301076,1909f56bfc062723c751e8b465ee728b)
Start importing Assets/Prefab/Positive.prefab using Guid(785601fbfbabf408cb912b22087cb5b2) Importer(815301076,1909f56bfc062723c751e8b465ee728b)  -> (artifact id: 'b799697e986fb095b2c747b5b423cb80') in 0.008894 seconds 
  Import took 0.011315 seconds .

========================================================================
Received Import Request.
  Time since last request: 0.000171 seconds.
  path: Assets/Prefab/Obstacle.prefab
  artifactKey: Guid(44bf30594606141d59d8bc5d360b678b) Importer(815301076,1909f56bfc062723c751e8b465ee728b)
Start importing Assets/Prefab/Obstacle.prefab using Guid(44bf30594606141d59d8bc5d360b678b) Importer(815301076,1909f56bfc062723c751e8b465ee728b)  -> (artifact id: '18abef0de9920738a6c32d497015826e') in 0.008358 seconds 
  Import took 0.010760 seconds .

========================================================================
Received Import Request.
  Time since last request: 0.000157 seconds.
  path: Assets/Prefab/ZeroGravArea.prefab
  artifactKey: Guid(778a28667f2989c4eacd0c2758c541dd) Importer(815301076,1909f56bfc062723c751e8b465ee728b)
Start importing Assets/Prefab/ZeroGravArea.prefab using Guid(778a28667f2989c4eacd0c2758c541dd) Importer(815301076,1909f56bfc062723c751e8b465ee728b)  -> (artifact id: '074153056f2db300e6df1cece118e064') in 0.010045 seconds 
  Import took 0.012983 seconds .

========================================================================
Received Import Request.
  Time since last request: 0.000171 seconds.
  path: Assets/Prefab/StartMenu.prefab
  artifactKey: Guid(6e04d1a806c3d46aea0d6bcb467dd0f1) Importer(815301076,1909f56bfc062723c751e8b465ee728b)
Start importing Assets/Prefab/StartMenu.prefab using Guid(6e04d1a806c3d46aea0d6bcb467dd0f1) Importer(815301076,1909f56bfc062723c751e8b465ee728b)  -> (artifact id: '3bfea9bc31ff53ce2b09475af0026c9f') in 0.041205 seconds 
  Import took 0.044211 seconds .

========================================================================
Received Import Request.
  Time since last request: 0.000194 seconds.
  path: Assets/Prefab/DynamicNegative.prefab
  artifactKey: Guid(01938318d7d3b12499279e9ad38c2afe) Importer(815301076,1909f56bfc062723c751e8b465ee728b)
Start importing Assets/Prefab/DynamicNegative.prefab using Guid(01938318d7d3b12499279e9ad38c2afe) Importer(815301076,1909f56bfc062723c751e8b465ee728b)  -> (artifact id: 'e4446d010a35a51a208545f8ff4edd2a') in 0.008733 seconds 
  Import took 0.011577 seconds .

========================================================================
Received Import Request.
  Time since last request: 0.000182 seconds.
  path: Assets/Prefab/Obstacle_Spikes.prefab
  artifactKey: Guid(bc2e7c3ed90a54082836aa53332f34a9) Importer(815301076,1909f56bfc062723c751e8b465ee728b)
Start importing Assets/Prefab/Obstacle_Spikes.prefab using Guid(bc2e7c3ed90a54082836aa53332f34a9) Importer(815301076,1909f56bfc062723c751e8b465ee728b)  -> (artifact id: 'ac21d5a46f53301db4b1ac16fe9b3587') in 0.008572 seconds 
  Import took 0.011704 seconds .

========================================================================
Received Import Request.
  Time since last request: 0.000168 seconds.
  path: Assets/Prefab/Magenet.prefab
  artifactKey: Guid(f40b3bebf9b86d0448e507ecb1f674bb) Importer(815301076,1909f56bfc062723c751e8b465ee728b)
Start importing Assets/Prefab/Magenet.prefab using Guid(f40b3bebf9b86d0448e507ecb1f674bb) Importer(815301076,1909f56bfc062723c751e8b465ee728b)  -> (artifact id: 'c90a2613f426ce55c97ef6576144c894') in 0.008782 seconds 
  Import took 0.011203 seconds .

========================================================================
Received Import Request.
  Time since last request: 0.000182 seconds.
  path: Assets/Prefab/Gold.asset
  artifactKey: Guid(a69e7f2e8cbfc4a8fbdaff4a721d7dda) Importer(815301076,1909f56bfc062723c751e8b465ee728b)
Start importing Assets/Prefab/Gold.asset using Guid(a69e7f2e8cbfc4a8fbdaff4a721d7dda) Importer(815301076,1909f56bfc062723c751e8b465ee728b)  -> (artifact id: 'e0388605073e3599f60c8c47b6779892') in 0.003651 seconds 
  Import took 0.006390 seconds .

========================================================================
Received Import Request.
  Time since last request: 0.000153 seconds.
  path: Assets/Prefab/Spring.prefab
  artifactKey: Guid(d22fc007beda5df46acbbeed028d7fc6) Importer(815301076,1909f56bfc062723c751e8b465ee728b)
Start importing Assets/Prefab/Spring.prefab using Guid(d22fc007beda5df46acbbeed028d7fc6) Importer(815301076,1909f56bfc062723c751e8b465ee728b)  -> (artifact id: 'a271bc0574a61b3d809022388d82fa18') in 0.010198 seconds 
  Import took 0.013619 seconds .

========================================================================
Received Import Request.
  Time since last request: 2.026273 seconds.
  path: Assets/Data/PlayerData.asset
  artifactKey: Guid(be620ace5923fd848ba72bbdad96d50b) Importer(815301076,1909f56bfc062723c751e8b465ee728b)
Start importing Assets/Data/PlayerData.asset using Guid(be620ace5923fd848ba72bbdad96d50b) Importer(815301076,1909f56bfc062723c751e8b465ee728b)  -> (artifact id: '80ae21b0781e11312e3e882fb8814ecf') in 0.003566 seconds 
  Import took 0.006317 seconds .

========================================================================
Received Prepare
Registering precompiled user dll's ...
Registered in 0.007010 seconds.
Begin MonoManager ReloadAssembly
Native extension for Lumin target not found
Native extension for LinuxStandalone target not found
Native extension for WindowsStandalone target not found
Native extension for WebGL target not found
Refreshing native plugins compatible for Editor in 0.80 ms, found 3 plugins.
Preloading 0 native plugins for Editor in 0.00 ms.
Mono: successfully reloaded assembly
- Completed reload, in  0.840 seconds
Domain Reload Profiling:
	ReloadAssembly (840ms)
		BeginReloadAssembly (112ms)
			ExecutionOrderSort (0ms)
			DisableScriptedObjects (4ms)
			BackupInstance (0ms)
			ReleaseScriptingObjects (0ms)
			CreateAndSetChildDomain (35ms)
		EndReloadAssembly (672ms)
			LoadAssemblies (83ms)
			RebuildTransferFunctionScriptingTraits (0ms)
			SetupTypeCache (228ms)
			ReleaseScriptCaches (1ms)
			RebuildScriptCaches (27ms)
			SetupLoadedEditorAssemblies (251ms)
				LogAssemblyErrors (0ms)
				InitializePlatformSupportModulesInManaged (5ms)
				SetLoadedEditorAssemblies (0ms)
				RefreshPlugins (1ms)
				BeforeProcessingInitializeOnLoad (68ms)
				ProcessInitializeOnLoadAttributes (162ms)
				ProcessInitializeOnLoadMethodAttributes (9ms)
				AfterProcessingInitializeOnLoad (6ms)
				EditorAssembliesLoaded (0ms)
			ExecutionOrderSort2 (0ms)
			AwakeInstancesAfterBackupRestoration (7ms)
Platform modules already initialized, skipping
Refreshing native plugins compatible for Editor in 0.47 ms, found 3 plugins.
Preloading 0 native plugins for Editor in 0.00 ms.
Unloading 2388 Unused Serialized files (Serialized files now loaded: 0)
System memory in use before: 108.5 MB.
System memory in use after: 108.8 MB.

Unloading 19 unused Assets to reduce memory usage. Loaded Objects now: 2898.
Total: 2.657900 ms (FindLiveObjects: 0.250500 ms CreateObjectMapping: 0.048600 ms MarkObjects: 2.341500 ms  DeleteObjects: 0.016700 ms)

AssetImportParameters requested are different than current active one (requested -> active):
  custom:framework-win-MediaFoundation: 216162199b28c13a410421893ffa2e32 -> 
  custom:video-decoder-ogg-theora: a1e56fd34408186e4bbccfd4996cb3dc -> 
  custom:container-muxer-webm: aa71ff27fc2769a1b78a27578f13a17b -> 
  custom:container-demuxer-webm: 4f35f7cbe854078d1ac9338744f61a02 -> 
  custom:container-demuxer-ogg: 62fdf1f143b41e24485cea50d1cbac27 -> 
  custom:video-encoder-webm-vp8: eb34c28f22e8b96e1ab97ce403110664 -> 
  custom:video-decoder-webm-vp8: 9c59270c3fd7afecdb556c50c9e8de78 -> 
  custom:audio-decoder-ogg-vorbis: bf7c407c2cedff20999df2af8eb42d56 -> 
  custom:audio-encoder-webm-vorbis: bf7c407c2cedff20999df2af8eb42d56 -> 
AssetImportWorkerClient::OnTransportError - code=2 error=End of file
=======
  path: Assets/Script/Checkpoint.cs
  artifactKey: Guid(59ebd18bfb7594d1faf6e64cad0372b0) Importer(815301076,1909f56bfc062723c751e8b465ee728b)
Start importing Assets/Script/Checkpoint.cs using Guid(59ebd18bfb7594d1faf6e64cad0372b0) Importer(815301076,1909f56bfc062723c751e8b465ee728b)  -> (artifact id: '16e05e1871ab195d481df786060ae342') in 0.090310 seconds 
  Import took 0.094710 seconds .

========================================================================
Received Import Request.
  Time since last request: 0.000271 seconds.
  path: Assets/Script/FinishLine.cs
  artifactKey: Guid(1e40487f19b9c456d8365e7a3f9dfaab) Importer(815301076,1909f56bfc062723c751e8b465ee728b)
Start importing Assets/Script/FinishLine.cs using Guid(1e40487f19b9c456d8365e7a3f9dfaab) Importer(815301076,1909f56bfc062723c751e8b465ee728b)  -> (artifact id: '90acc61b5f568ae96f7a2d6fbf0dacaf') in 0.006172 seconds 
  Import took 0.010337 seconds .

========================================================================
Received Import Request.
  Time since last request: 51.462547 seconds.
  path: Assets/Scenes/Level2.unity
  artifactKey: Guid(6f9cec5b2dff64b499edf5eddd801c64) Importer(815301076,1909f56bfc062723c751e8b465ee728b)
Start importing Assets/Scenes/Level2.unity using Guid(6f9cec5b2dff64b499edf5eddd801c64) Importer(815301076,1909f56bfc062723c751e8b465ee728b)  -> (artifact id: '51659b0b5a8c1faf33b18654c013bf73') in 0.022078 seconds 
  Import took 0.028803 seconds .

========================================================================
Received Import Request.
  Time since last request: 0.305125 seconds.
  path: Assets/Scenes/Menu.unity
  artifactKey: Guid(cf138cfc82e894ee5801d0009cebf677) Importer(815301076,1909f56bfc062723c751e8b465ee728b)
Start importing Assets/Scenes/Menu.unity using Guid(cf138cfc82e894ee5801d0009cebf677) Importer(815301076,1909f56bfc062723c751e8b465ee728b)  -> (artifact id: '69ed0a8e77b518b9a6c27eea1d99938c') in 0.007045 seconds 
  Import took 0.012811 seconds .

========================================================================
Received Import Request.
  Time since last request: 0.427818 seconds.
  path: Assets/Scenes/SampleScene.unity
  artifactKey: Guid(2cda990e2423bbf4892e6590ba056729) Importer(815301076,1909f56bfc062723c751e8b465ee728b)
Start importing Assets/Scenes/SampleScene.unity using Guid(2cda990e2423bbf4892e6590ba056729) Importer(815301076,1909f56bfc062723c751e8b465ee728b)  -> (artifact id: '4c7bf008014b124e5a8bc2545ae14958') in 0.007508 seconds 
  Import took 0.012859 seconds .

========================================================================
Received Import Request.
  Time since last request: 0.275279 seconds.
  path: Assets/Scenes/Test.unity
  artifactKey: Guid(77d7a034c971a16478084485333e8273) Importer(815301076,1909f56bfc062723c751e8b465ee728b)
Start importing Assets/Scenes/Test.unity using Guid(77d7a034c971a16478084485333e8273) Importer(815301076,1909f56bfc062723c751e8b465ee728b)  -> (artifact id: '35e0e38cfd18502508b47082b1b44df2') in 0.007980 seconds 
  Import took 0.012712 seconds .

>>>>>>> f8ebb3562e2c7953a77642a0e8d46e0f6895fa7e
